.
├── catalog-info.yaml
├── output.log
├── springboot-service
│   ├── skeleton
│   │   ├── catalog-info.yaml
│   │   ├── docker-compose.yml
│   │   ├── Dockerfile
│   │   ├── mvnw
│   │   ├── mvnw.cmd
│   │   ├── pom.xml
│   │   ├── README.md
│   │   └── src
│   └── template.yaml
└── webflux-service
    ├── skeleton
    │   ├── catalog-info.yaml
    │   ├── docker-compose.yml
    │   ├── Dockerfile
    │   ├── mvnw
    │   ├── mvnw.cmd
    │   ├── pom.xml
    │   ├── README.md
    │   ├── src
    │   └── target
    └── template.yaml

8 directories, 18 files
